<?xml version="1.0" encoding="UTF-8"?>
<Site BuildName="(empty)"
	BuildStamp="20240416-0021-Experimental"
	Name="leopham-XPS-9320"
	Generator="ctest-3.16.3"
	CompilerName="/usr/bin/g++"
	CompilerVersion="9.4.0"
	OSName="Linux"
	Hostname="leopham-XPS-9320"
	OSRelease="5.15.0-67-generic"
	OSVersion="#74~20.04.1-Ubuntu SMP Wed Feb 22 14:52:34 UTC 2023"
	OSPlatform="x86_64"
	Is64Bits="1"
	VendorString="GenuineIntel"
	VendorID="Intel Corporation"
	FamilyID="6"
	ModelID="154"
	ProcessorCacheSize="18432"
	NumberOfLogicalCPU="16"
	NumberOfPhysicalCPU="12"
	TotalVirtualMemory="7673"
	TotalPhysicalMemory="15606"
	LogicalProcessorsPerPhysical="1"
	ProcessorClockFrequency="1633.68"
	>
	<Testing>
		<StartDateTime>Apr 16 02:21 CEST</StartDateTime>
		<StartTestTime>1713226916</StartTestTime>
		<TestList/>
		<EndDateTime>Apr 16 02:21 CEST</EndDateTime>
		<EndTestTime>1713226916</EndTestTime>
		<ElapsedMinutes>0</ElapsedMinutes>
	</Testing>
</Site>
